<?xml version="1.0" encoding="UTF-8"?>
<testsuite xmlns:xsi="http://www.w3.org/2001/XMLSchema-instance" xsi:noNamespaceSchemaLocation="https://maven.apache.org/surefire/maven-surefire-plugin/xsd/surefire-test-report.xsd" name="de.vwms2019.esa4mvn.AppTest" time="0.094" tests="1" errors="0" skipped="0" failures="0">
  <properties>
    <property name="java.specification.version" value="13"/>
    <property name="sun.cpu.isalist" value="amd64"/>
    <property name="sun.jnu.encoding" value="Cp1252"/>
    <property name="java.class.path" value="C:\Users\Keno\workspace\ws_2019-20_vwms\esa4mvn\target\test-classes;C:\Users\Keno\workspace\ws_2019-20_vwms\esa4mvn\target\classes;C:\Users\Keno\.m2\repository\junit\junit\4.11\junit-4.11.jar;C:\Users\Keno\.m2\repository\org\hamcrest\hamcrest-core\1.3\hamcrest-core-1.3.jar;"/>
    <property name="java.vm.vendor" value="Oracle Corporation"/>
    <property name="sun.arch.data.model" value="64"/>
    <property name="user.variant" value=""/>
    <property name="java.vendor.url" value="https://java.oracle.com/"/>
    <property name="user.timezone" value="Europe/Berlin"/>
    <property name="os.name" value="Windows 10"/>
    <property name="java.vm.specification.version" value="13"/>
    <property name="sun.java.launcher" value="SUN_STANDARD"/>
    <property name="user.country" value="DE"/>
    <property name="sun.boot.library.path" value="C:\Program Files\Java\openjdk-13.0.1\jdk-13.0.1\bin"/>
    <property name="sun.java.command" value="C:\Users\Keno\AppData\Local\Temp\surefire7767465645287517684\surefirebooter7453649867589948645.jar C:\Users\Keno\AppData\Local\Temp\surefire7767465645287517684 2019-11-22T17-08-12_004-jvmRun1 surefire16122578233018779485tmp surefire_016037611539762267633tmp"/>
    <property name="jdk.debug" value="release"/>
    <property name="surefire.test.class.path" value="C:\Users\Keno\workspace\ws_2019-20_vwms\esa4mvn\target\test-classes;C:\Users\Keno\workspace\ws_2019-20_vwms\esa4mvn\target\classes;C:\Users\Keno\.m2\repository\junit\junit\4.11\junit-4.11.jar;C:\Users\Keno\.m2\repository\org\hamcrest\hamcrest-core\1.3\hamcrest-core-1.3.jar;"/>
    <property name="sun.cpu.endian" value="little"/>
    <property name="user.home" value="C:\Users\Keno"/>
    <property name="user.language" value="de"/>
    <property name="java.specification.vendor" value="Oracle Corporation"/>
    <property name="java.version.date" value="2019-10-15"/>
    <property name="java.home" value="C:\Program Files\Java\openjdk-13.0.1\jdk-13.0.1"/>
    <property name="file.separator" value="\"/>
    <property name="basedir" value="C:\Users\Keno\workspace\ws_2019-20_vwms\esa4mvn"/>
    <property name="java.vm.compressedOopsMode" value="32-bit"/>
    <property name="line.separator" value="&#10;"/>
    <property name="java.vm.specification.vendor" value="Oracle Corporation"/>
    <property name="java.specification.name" value="Java Platform API Specification"/>
    <property name="surefire.real.class.path" value="C:\Users\Keno\AppData\Local\Temp\surefire7767465645287517684\surefirebooter7453649867589948645.jar"/>
    <property name="user.script" value=""/>
    <property name="sun.management.compiler" value="HotSpot 64-Bit Tiered Compilers"/>
    <property name="java.runtime.version" value="13.0.1+9"/>
    <property name="user.name" value="Keno"/>
    <property name="path.separator" value=";"/>
    <property name="os.version" value="10.0"/>
    <property name="java.runtime.name" value="OpenJDK Runtime Environment"/>
    <property name="file.encoding" value="Cp1252"/>
    <property name="java.vm.name" value="OpenJDK 64-Bit Server VM"/>
    <property name="localRepository" value="C:\Users\Keno\.m2\repository"/>
    <property name="java.vendor.url.bug" value="https://bugreport.java.com/bugreport/"/>
    <property name="java.io.tmpdir" value="C:\Users\Keno\AppData\Local\Temp\"/>
    <property name="java.version" value="13.0.1"/>
    <property name="user.dir" value="C:\Users\Keno\workspace\ws_2019-20_vwms\esa4mvn"/>
    <property name="os.arch" value="amd64"/>
    <property name="java.vm.specification.name" value="Java Virtual Machine Specification"/>
    <property name="sun.os.patch.level" value=""/>
    <property name="java.library.path" value="C:\Program Files\Java\openjdk-13.0.1\jdk-13.0.1\bin;C:\WINDOWS\Sun\Java\bin;C:\WINDOWS\system32;C:\WINDOWS;C:\Users\Keno\AppData\Local\Microsoft\WindowsApps;C:\Program Files (x86)\Yarn\bin;C:\Program Files\Microsoft VS Code\bin;C:\Users\Keno\flutter\bin;C:\Users\Keno\AppData\Roaming\npm;C:\Users\Keno\AppData\Local\hyper\app-3.0.2\resources\bin;C:\Program Files\Git\cmd;C:\Program Files\nodejs\;&quot;C:\WINDOWS\system32;C:\WINDOWS;C:\WINDOWS\System32\Wbem;C:\WINDOWS\System32\WindowsPowerShell\v1.0\&quot;;C:\Users\Keno\AppData\Local\Microsoft\WindowsApps;C:\Program Files (x86)\Yarn\bin;C:\Users\Keno\AppData\Local\Android\Sdk\platform-tools;C:\Program Files\Microsoft VS Code\bin;C:\Users\Keno\AppData\Local\Android\Sdk\tools\bin;C:\Users\Keno\AppData\Local\hyper\app-3.0.2\resources\bin;C:\Users\Keno\AppData\Roaming\npm;C:\Program Files\Java\openjdk-13.0.1\jdk-13.0.1\bin;C:\Program Files\Apache\apache-ant-1.9.14\bin;C:\Program Files\Maven\apache-maven-3.6.2-bin\apache-maven-3.6.2\bin;;."/>
    <property name="java.vm.info" value="mixed mode, sharing"/>
    <property name="java.vendor" value="Oracle Corporation"/>
    <property name="java.vm.version" value="13.0.1+9"/>
    <property name="sun.io.unicode.encoding" value="UnicodeLittle"/>
    <property name="java.class.version" value="57.0"/>
  </properties>
  <testcase name="shouldAnswerWithTrue" classname="de.vwms2019.esa4mvn.AppTest" time="0.003"/>
</testsuite>